<?xml version="1.0" encoding="UTF-8"?>
<!-- Generated by org.testng.reporters.JUnitReportReporter -->
<testsuite skipped="0" hostname="DESKTOP-N60QB27" name="tests.LoginTest.InventoryTest" tests="2" failures="0" timestamp="2022-11-08T23:02:37 IST" time="0.354" errors="0">
  <testcase name="loginTest" time="0.256" classname="tests.LoginTest.InventoryTest"/>
  <testcase name="productTest" time="0.098" classname="tests.LoginTest.InventoryTest"/>
</testsuite> <!-- tests.LoginTest.InventoryTest -->
