<?xml version="1.0" encoding="UTF-8"?>
<!-- Generated by org.testng.reporters.JUnitReportReporter -->
<testsuite skipped="0" hostname="DESKTOP-N60QB27" name="tests.ProductTest.InventoryTest" tests="5" failures="0" timestamp="2022-11-09T00:06:14 IST" time="13.121" errors="0">
  <testcase name="loginTest" time="0.275" classname="tests.ProductTest.InventoryTest"/>
  <testcase name="productTest" time="0.186" classname="tests.ProductTest.InventoryTest"/>
  <testcase name="addProductToCartTest" time="0.179" classname="tests.ProductTest.InventoryTest"/>
  <testcase name="checkOutInfo" time="6.372" classname="tests.ProductTest.InventoryTest"/>
  <testcase name="checkOutOverviewTest" time="6.109" classname="tests.ProductTest.InventoryTest"/>
</testsuite> <!-- tests.ProductTest.InventoryTest -->
