<?xml version="1.0" encoding="UTF-8"?>
<!-- Generated by org.testng.reporters.JUnitReportReporter -->
<testsuite skipped="0" hostname="DESKTOP-N60QB27" name="tests.Test1" tests="1" failures="0" timestamp="2022-11-07T01:05:07 IST" time="0.080" errors="0">
  <testcase name="test" time="0.080" classname="tests.Test1"/>
</testsuite> <!-- tests.Test1 -->
