<?xml version="1.0" encoding="UTF-8"?>
<!-- Generated by org.testng.reporters.JUnitReportReporter -->
<testsuite skipped="0" hostname="DESKTOP-N60QB27" name="rough.ExtentReportUtils" tests="1" failures="0" timestamp="2022-11-04T16:20:52 IST" time="1.099" errors="0">
  <testcase name="report" time="1.099" classname="rough.ExtentReportUtils"/>
</testsuite> <!-- rough.ExtentReportUtils -->
