<?xml version="1.0" encoding="UTF-8"?>
<!-- Generated by org.testng.reporters.JUnitReportReporter -->
<testsuite skipped="0" hostname="DESKTOP-N60QB27" name="rough.FileUploadTest" tests="1" failures="0" timestamp="2022-11-05T00:20:53 IST" time="11.128" errors="0">
  <testcase name="uploadTest" time="11.128" classname="rough.FileUploadTest"/>
</testsuite> <!-- rough.FileUploadTest -->
