<?xml version="1.0" encoding="UTF-8"?>
<!-- Generated by org.testng.reporters.JUnitReportReporter -->
<testsuite skipped="0" hostname="DESKTOP-N60QB27" name="rough.Time" tests="1" failures="0" timestamp="2022-11-04T16:44:56 IST" time="0.060" errors="0">
  <testcase name="timeTest" time="0.060" classname="rough.Time"/>
</testsuite> <!-- rough.Time -->
