<?xml version="1.0" encoding="UTF-8"?>
<!-- Generated by org.testng.reporters.JUnitReportReporter -->
<testsuite skipped="0" hostname="DESKTOP-N60QB27" name="tests.LoginTest" tests="1" failures="0" timestamp="2022-11-07T15:05:00 IST" time="0.965" errors="0">
  <testcase name="login" time="0.965" classname="tests.LoginTest"/>
</testsuite> <!-- tests.LoginTest -->
